<?xml version="1.0" encoding="UTF-8"?>
<testng-results ignored="0" total="2" passed="2" failed="0" skipped="0">
  <reporter-output>
  </reporter-output>
  <suite started-at="2023-12-23T15:35:27 EST" name="Default suite" finished-at="2023-12-23T15:35:34 EST" duration-ms="6503">
    <groups>
      <group name="cucumber">
        <method signature="AbstractTestNGCucumberTests.runScenario(io.cucumber.testng.PickleWrapper, io.cucumber.testng.FeatureWrapper)[pri:0, instance:com.osa.runners.Runner$TestNGRunner@2dde1bff]" name="runScenario" class="io.cucumber.testng.AbstractTestNGCucumberTests"/>
      </group> <!-- cucumber -->
    </groups>
    <test started-at="2023-12-23T15:35:27 EST" name="Default test" finished-at="2023-12-23T15:35:34 EST" duration-ms="6503">
      <class name="com.osa.runners.Runner$TestNGRunner">
        <test-method is-config="true" signature="setUpClass()[pri:0, instance:com.osa.runners.Runner$TestNGRunner@2dde1bff]" started-at="2023-12-23T15:35:27 EST" name="setUpClass" finished-at="2023-12-23T15:35:28 EST" duration-ms="517" status="PASS">
          <reporter-output>
          </reporter-output>
        </test-method> <!-- setUpClass -->
        <test-method signature="runScenario(io.cucumber.testng.PickleWrapper, io.cucumber.testng.FeatureWrapper)[pri:0, instance:com.osa.runners.Runner$TestNGRunner@2dde1bff]" started-at="2023-12-23T15:35:28 EST" name="runScenario" description="Runs Cucumber Scenarios" data-provider="scenarios" finished-at="2023-12-23T15:35:32 EST" duration-ms="3532" status="PASS">
          <params>
            <param index="0">
              <value>
                <![CDATA["send GET request extracting all students info"]]>
              </value>
            </param>
            <param index="1">
              <value>
                <![CDATA["Call all requests with API RestAssured"]]>
              </value>
            </param>
          </params>
          <reporter-output>
          </reporter-output>
        </test-method> <!-- runScenario -->
        <test-method signature="runScenario(io.cucumber.testng.PickleWrapper, io.cucumber.testng.FeatureWrapper)[pri:0, instance:com.osa.runners.Runner$TestNGRunner@2dde1bff]" started-at="2023-12-23T15:35:32 EST" name="runScenario" description="Runs Cucumber Scenarios" data-provider="scenarios" finished-at="2023-12-23T15:35:34 EST" duration-ms="2322" status="PASS">
          <params>
            <param index="0">
              <value>
                <![CDATA["send POST request for adding student info"]]>
              </value>
            </param>
            <param index="1">
              <value>
                <![CDATA["Call all requests with API RestAssured"]]>
              </value>
            </param>
          </params>
          <reporter-output>
          </reporter-output>
        </test-method> <!-- runScenario -->
        <test-method is-config="true" signature="tearDownClass()[pri:0, instance:com.osa.runners.Runner$TestNGRunner@2dde1bff]" started-at="2023-12-23T15:35:34 EST" name="tearDownClass" finished-at="2023-12-23T15:35:34 EST" duration-ms="74" status="PASS">
          <reporter-output>
          </reporter-output>
        </test-method> <!-- tearDownClass -->
      </class> <!-- com.osa.runners.Runner$TestNGRunner -->
    </test> <!-- Default test -->
  </suite> <!-- Default suite -->
</testng-results>
